{
  "Cucumber Features": {
    "coverage": {
      "/home/ec2-user/environment/Project/Project_Collection_and_Assignment/app/controllers/sessions_controller.rb": [
        1,
        1,
        null,
        null,
        1,
        null,
        null,
        1,
        54,
        null,
        54,
        54,
        54,
        54,
        null,
        null,
        null,
        0,
        0,
        null,
        null,
        null,
        1,
        10,
        null,
        null,
        null
      ],
      "/home/ec2-user/environment/Project/Project_Collection_and_Assignment/app/controllers/application_controller.rb": [
        1,
        null,
        null,
        null,
        null,
        null,
        null,
        1,
        1,
        null,
        1,
        0,
        null,
        null,
        null,
        null,
        1,
        null,
        1,
        0,
        null,
        null,
        null,
        null,
        null,
        null,
        null,
        1,
        null,
        1,
        null
      ],
      "/home/ec2-user/environment/Project/Project_Collection_and_Assignment/app/helpers/application_helper.rb": [
        1,
        null
      ],
      "/home/ec2-user/environment/Project/Project_Collection_and_Assignment/app/helpers/assignments_helper.rb": [
        1,
        null
      ],
      "/home/ec2-user/environment/Project/Project_Collection_and_Assignment/app/helpers/documents_helper.rb": [
        1,
        null
      ],
      "/home/ec2-user/environment/Project/Project_Collection_and_Assignment/app/helpers/password_resets_helper.rb": [
        1,
        null
      ],
      "/home/ec2-user/environment/Project/Project_Collection_and_Assignment/app/helpers/preassignments_helper.rb": [
        1,
        null
      ],
      "/home/ec2-user/environment/Project/Project_Collection_and_Assignment/app/helpers/preferences_helper.rb": [
        1,
        null
      ],
      "/home/ec2-user/environment/Project/Project_Collection_and_Assignment/app/helpers/projects_helper.rb": [
        1,
        null
      ],
      "/home/ec2-user/environment/Project/Project_Collection_and_Assignment/app/helpers/relationships_helper.rb": [
        1,
        null
      ],
      "/home/ec2-user/environment/Project/Project_Collection_and_Assignment/app/helpers/sessions_helper.rb": [
        1,
        null,
        1,
        59,
        null,
        null,
        null,
        0,
        null,
        59,
        null,
        null,
        null,
        null,
        1,
        1,
        1,
        1,
        null,
        null,
        null,
        1,
        159,
        null,
        null,
        null,
        1,
        3284,
        3068,
        216,
        null,
        0,
        0,
        0,
        0,
        null,
        null,
        null,
        null,
        null,
        1,
        773,
        null,
        null,
        null,
        1,
        63,
        63,
        63,
        null,
        null,
        null,
        1,
        10,
        10,
        10,
        10,
        0,
        0,
        null,
        10,
        null,
        null,
        null,
        null,
        1,
        54,
        54,
        null,
        null,
        null,
        1,
        1,
        null,
        null,
        null,
        1,
        212,
        1,
        1,
        1,
        null,
        null,
        null,
        null,
        null,
        null,
        1,
        80,
        null,
        null,
        null,
        80,
        0,
        0,
        0,
        80,
        0,
        0,
        null,
        null,
        null,
        null,
        1,
        40,
        null,
        null,
        1,
        3,
        0,
        0,
        0,
        null,
        3,
        null,
        null,
        null,
        1,
        0,
        0,
        null,
        0,
        null,
        null,
        null,
        1,
        3,
        2,
        2,
        2,
        null,
        1,
        null,
        null,
        null,
        1,
        1,
        1,
        1,
        1,
        null,
        0,
        null,
        null,
        null,
        1,
        0,
        0,
        null,
        0,
        null,
        null
      ],
      "/home/ec2-user/environment/Project/Project_Collection_and_Assignment/app/helpers/static_pages_helper.rb": [
        1,
        null
      ],
      "/home/ec2-user/environment/Project/Project_Collection_and_Assignment/app/helpers/teams_helper.rb": [
        1,
        null
      ],
      "/home/ec2-user/environment/Project/Project_Collection_and_Assignment/app/helpers/users_helper.rb": [
        1,
        null,
        1,
        101,
        101,
        101,
        101,
        null,
        null
      ],
      "/home/ec2-user/environment/Project/Project_Collection_and_Assignment/app/controllers/static_pages_controller.rb": [
        1,
        1,
        1,
        null,
        null,
        1,
        null,
        null,
        1,
        null,
        null,
        1,
        null,
        null,
        1,
        null,
        null,
        1,
        0,
        0,
        0,
        0,
        0,
        0,
        null,
        0,
        0,
        0,
        0,
        0,
        0,
        null,
        0,
        null,
        null,
        null,
        null,
        null,
        null,
        null,
        1,
        0,
        0,
        0,
        0,
        0,
        null,
        null,
        null,
        0,
        0,
        null,
        null,
        null,
        1,
        0,
        null,
        null,
        null
      ],
      "/home/ec2-user/environment/Project/Project_Collection_and_Assignment/app/models/user.rb": [
        1,
        1,
        1,
        1,
        1,
        1,
        null,
        1,
        null,
        1,
        261,
        1,
        1,
        1,
        1,
        null,
        null,
        1,
        1,
        null,
        null,
        1,
        null,
        null,
        1,
        1,
        1,
        1,
        1,
        null,
        1,
        null,
        null,
        1,
        2,
        null,
        2,
        null,
        null,
        null,
        1,
        2,
        null,
        null,
        null,
        1,
        1,
        1,
        null,
        null,
        null,
        1,
        0,
        0,
        null,
        0,
        null,
        null,
        1,
        0,
        null,
        null,
        null,
        1,
        63,
        null,
        null,
        1,
        14,
        null,
        null,
        1,
        0,
        null,
        null,
        1,
        62,
        null,
        null,
        1,
        389,
        389,
        null,
        null,
        null,
        1,
        1,
        1,
        1,
        null,
        null,
        null,
        1,
        1,
        null,
        null,
        null,
        1,
        0,
        null,
        null,
        1,
        null,
        null,
        1,
        0,
        null,
        null,
        1,
        0,
        0,
        null,
        0,
        null,
        null,
        null,
        1,
        0,
        0,
        null,
        0,
        null,
        null,
        null,
        1,
        0,
        0,
        null,
        0,
        0,
        0,
        0,
        0,
        0,
        0,
        null,
        0,
        null,
        0,
        null,
        null,
        null,
        null,
        null
      ],
      "/home/ec2-user/environment/Project/Project_Collection_and_Assignment/app/controllers/users_controller.rb": [
        1,
        1,
        null,
        null,
        null,
        1,
        1,
        null,
        1,
        9,
        9,
        9,
        9,
        null,
        null,
        9,
        9,
        null,
        9,
        null,
        9,
        9,
        null,
        9,
        9,
        null,
        9,
        0,
        9,
        0,
        9,
        0,
        null,
        9,
        null,
        null,
        9,
        9,
        null,
        9,
        35,
        35,
        null,
        null,
        9,
        null,
        9,
        0,
        0,
        null,
        0,
        0,
        0,
        null,
        null,
        0,
        0,
        null,
        null,
        null,
        9,
        null,
        null,
        null,
        9,
        9,
        null,
        null,
        1,
        null,
        9,
        8,
        8,
        null,
        null,
        null,
        null,
        1,
        76,
        null,
        null,
        1,
        7,
        null,
        null,
        1,
        5,
        5,
        5,
        5,
        5,
        null,
        0,
        null,
        null,
        null,
        1,
        2,
        null,
        null,
        1,
        3,
        null,
        3,
        null,
        3,
        null,
        3,
        null,
        1,
        1,
        null,
        1,
        null,
        0,
        0,
        null,
        null,
        1,
        2,
        2,
        2,
        2,
        null,
        0,
        null,
        null,
        null,
        1,
        3,
        3,
        0,
        3,
        1,
        2,
        1,
        1,
        null,
        1,
        1,
        null,
        3,
        null,
        null,
        1,
        0,
        0,
        null,
        0,
        0,
        0,
        null,
        null,
        0,
        0,
        null,
        0,
        0,
        null,
        null,
        0,
        null,
        0,
        null,
        null,
        null,
        1,
        0,
        null,
        0,
        0,
        0,
        0,
        0,
        0,
        null,
        null,
        1,
        2,
        null,
        2,
        1,
        1,
        null,
        null,
        1,
        null,
        null,
        2,
        null,
        null,
        1,
        null,
        1,
        7,
        null,
        null,
        null,
        1,
        0,
        null,
        null
      ],
      "/home/ec2-user/environment/Project/Project_Collection_and_Assignment/app/models/relationship.rb": [
        1,
        1,
        1,
        1,
        1,
        null
      ],
      "/home/ec2-user/environment/Project/Project_Collection_and_Assignment/app/models/project.rb": [
        1,
        1,
        1,
        null,
        1,
        1,
        1,
        1,
        null,
        null,
        1,
        6,
        null,
        null
      ],
      "/home/ec2-user/environment/Project/Project_Collection_and_Assignment/app/models/team.rb": [
        1,
        1,
        1,
        1,
        null,
        1,
        1,
        null,
        1,
        1,
        null,
        1,
        69,
        null,
        null,
        1,
        41,
        null,
        null
      ],
      "/home/ec2-user/environment/Project/Project_Collection_and_Assignment/app/controllers/projects_controller.rb": [
        1,
        1,
        1,
        1,
        null,
        1,
        7,
        7,
        7,
        7,
        1,
        null,
        6,
        null,
        null,
        null,
        1,
        12,
        12,
        12,
        12,
        1,
        null,
        11,
        null,
        12,
        null,
        null,
        1,
        4,
        4,
        4,
        4,
        1,
        null,
        3,
        null,
        4,
        null,
        null,
        1,
        3,
        null,
        3,
        3,
        null,
        3,
        3,
        3,
        null,
        3,
        null,
        null,
        null,
        null,
        2,
        null,
        2,
        0,
        null,
        2,
        null,
        null,
        null,
        null,
        1,
        5,
        5,
        5,
        20,
        null,
        15,
        15,
        null,
        null,
        15,
        15,
        13,
        13,
        13,
        13,
        13,
        null,
        2,
        null,
        2,
        2,
        2,
        2,
        2,
        2,
        2,
        null,
        0,
        0,
        null,
        0,
        0,
        null,
        null,
        null,
        null,
        null,
        null,
        null,
        null,
        null,
        null,
        null,
        2,
        2,
        null,
        2,
        2,
        2,
        null,
        null,
        null,
        15,
        null,
        null,
        5,
        5,
        null,
        5,
        null,
        null,
        1,
        1,
        1,
        0,
        0,
        0,
        null,
        null,
        1,
        1,
        1,
        1,
        null,
        1,
        1,
        null,
        1,
        1,
        1,
        1,
        0,
        0,
        null,
        0,
        null,
        null,
        1,
        1,
        null,
        null,
        1,
        1,
        1,
        1,
        0,
        0,
        null,
        0,
        null,
        null,
        1,
        1,
        null,
        null,
        1,
        null,
        null,
        1,
        1,
        null,
        1,
        null,
        null,
        1,
        16,
        1,
        1,
        null,
        null,
        15,
        10,
        10,
        2,
        null,
        8,
        null,
        null,
        10,
        10,
        7,
        7,
        7,
        null,
        3,
        null,
        null,
        10,
        10,
        null,
        10,
        null,
        null,
        10,
        10,
        10,
        10,
        10,
        10,
        2,
        2,
        2,
        2,
        2,
        null,
        8,
        8,
        8,
        null,
        null,
        5,
        null,
        null,
        1,
        3,
        0,
        0,
        0,
        null,
        null,
        3,
        null,
        3,
        6,
        6,
        3,
        null,
        3,
        3,
        null,
        null,
        null,
        3,
        null,
        3,
        3,
        3,
        null,
        null,
        3,
        1,
        null,
        1,
        1,
        null,
        null,
        2,
        2,
        2,
        null,
        2,
        2,
        null,
        null,
        1,
        6,
        6,
        6,
        6,
        null,
        6,
        6,
        6,
        null,
        6,
        null,
        0,
        null,
        0,
        0,
        0,
        0,
        null,
        0,
        null,
        0,
        null,
        null,
        null,
        6,
        null,
        null,
        6,
        0,
        0,
        null,
        null,
        null,
        1,
        5,
        5,
        9,
        null,
        5,
        5,
        null,
        null,
        1,
        3,
        null,
        3,
        2,
        2,
        null,
        2,
        0,
        null,
        null,
        2,
        null,
        null,
        null,
        null,
        1,
        1,
        null,
        null,
        null,
        1,
        1,
        null,
        1,
        2,
        null,
        1,
        1,
        1,
        1,
        null,
        1,
        0,
        null,
        1,
        1,
        null,
        null,
        1,
        1,
        null,
        1,
        1,
        1,
        null,
        0,
        null,
        null,
        null,
        1,
        1,
        null,
        1,
        1,
        null,
        1,
        1,
        null,
        1,
        null,
        1,
        1,
        null,
        null,
        0,
        null,
        null,
        null,
        1,
        1,
        1,
        null,
        1,
        1,
        0,
        null,
        0,
        null,
        0,
        0,
        null,
        0,
        null,
        null,
        null,
        1,
        null,
        1,
        null,
        1,
        null,
        1,
        null,
        null,
        1,
        null,
        null,
        null,
        null,
        null,
        null,
        null,
        null,
        null,
        null,
        null,
        null,
        null,
        null,
        null,
        null,
        null,
        null,
        null,
        null,
        null,
        null,
        null,
        null,
        null,
        null,
        null,
        null,
        null,
        null,
        null,
        null,
        null,
        null,
        null,
        null,
        null,
        null,
        null,
        1,
        0,
        0,
        0,
        0,
        0,
        0,
        null,
        null,
        null,
        1,
        0,
        0,
        0,
        0,
        0,
        0,
        null,
        null,
        null,
        1,
        null,
        1,
        4,
        1,
        null,
        3,
        null,
        null,
        null,
        null
      ],
      "/home/ec2-user/environment/Project/Project_Collection_and_Assignment/app/models/assignment.rb": [
        1,
        1,
        1,
        null
      ],
      "/home/ec2-user/environment/Project/Project_Collection_and_Assignment/app/models/own.rb": [
        1,
        1,
        1,
        1,
        1,
        null
      ],
      "/home/ec2-user/environment/Project/Project_Collection_and_Assignment/app/models/preference.rb": [
        1,
        1,
        1,
        1,
        1,
        null
      ],
      "/home/ec2-user/environment/Project/Project_Collection_and_Assignment/app/models/document.rb": [
        1,
        1,
        1,
        1,
        1,
        null,
        1,
        null
      ],
      "/home/ec2-user/environment/Project/Project_Collection_and_Assignment/app/uploaders/filein_uploader.rb": [
        1,
        null,
        null,
        null,
        null,
        null,
        1,
        null,
        null,
        null,
        null,
        1,
        0,
        null,
        null,
        null,
        null,
        null,
        null,
        null,
        null,
        null,
        null,
        null,
        null,
        null,
        null,
        null,
        null,
        null,
        null,
        null,
        null,
        null,
        null,
        null,
        null,
        null,
        null,
        null,
        null,
        null,
        null,
        null,
        null,
        null,
        null
      ],
      "/home/ec2-user/environment/Project/Project_Collection_and_Assignment/app/controllers/teams_controller.rb": [
        1,
        1,
        1,
        1,
        null,
        null,
        1,
        5,
        5,
        null,
        5,
        4,
        1,
        1,
        1,
        1,
        1,
        null,
        null,
        3,
        3,
        3,
        null,
        1,
        1,
        1,
        1,
        null,
        null,
        null,
        0,
        0,
        null,
        null,
        null,
        1,
        28,
        26,
        26,
        26,
        26,
        26,
        null,
        26,
        26,
        26,
        26,
        26,
        26,
        null,
        null,
        26,
        null,
        26,
        null,
        26,
        2,
        2,
        null,
        1,
        0,
        0,
        null,
        1,
        1,
        null,
        null,
        null,
        25,
        null,
        null,
        null,
        2,
        2,
        0,
        null,
        2,
        2,
        null,
        null,
        null,
        28,
        26,
        26,
        121,
        121,
        null,
        30,
        30,
        14,
        null,
        null,
        30,
        null,
        null,
        26,
        26,
        null,
        null,
        0,
        null,
        52,
        null,
        null,
        null,
        null,
        1,
        15,
        null,
        null,
        1,
        31,
        31,
        31,
        31,
        null,
        null,
        31,
        31,
        null,
        31,
        161,
        97,
        97,
        null,
        null,
        161,
        null,
        null,
        null,
        1,
        null,
        null,
        1,
        2,
        2,
        null,
        null,
        0,
        0,
        0,
        null,
        null,
        2,
        null,
        null,
        1,
        3,
        null,
        3,
        3,
        3,
        3,
        3,
        null,
        0,
        null,
        null,
        null,
        1,
        9,
        9,
        9,
        9,
        9,
        null,
        9,
        0,
        0,
        9,
        0,
        0,
        null,
        9,
        9,
        9,
        9,
        9,
        9,
        null,
        null,
        null,
        1,
        15,
        1,
        1,
        14,
        0,
        0,
        null,
        14,
        14,
        14,
        null,
        14,
        null,
        14,
        null,
        14,
        14,
        null,
        0,
        null,
        null,
        null,
        null,
        1,
        1,
        null,
        null,
        1,
        1,
        1,
        1,
        1,
        null,
        0,
        null,
        null,
        null,
        1,
        3,
        null,
        null,
        null,
        3,
        null,
        3,
        null,
        3,
        3,
        null,
        null,
        1,
        null,
        1,
        15,
        null,
        null,
        1,
        0,
        0,
        null,
        null,
        1,
        3,
        3,
        null,
        null,
        1,
        31,
        31,
        null,
        null
      ],
      "/home/ec2-user/environment/Project/Project_Collection_and_Assignment/app/controllers/assignments_controller.rb": [
        1,
        1,
        1,
        null,
        1,
        1,
        1,
        1,
        1,
        1,
        2,
        2,
        2,
        1,
        null,
        1,
        null,
        2,
        1,
        null,
        1,
        null,
        2,
        2,
        null,
        1,
        1,
        null,
        null,
        1,
        null,
        null,
        5,
        5,
        null,
        5,
        null,
        null,
        null,
        5,
        2,
        2,
        2,
        null,
        null,
        3,
        null,
        null,
        3,
        1,
        1,
        1,
        null,
        null,
        2,
        6,
        null,
        2,
        2,
        null,
        null,
        2,
        4,
        8,
        8,
        0,
        8,
        0,
        null,
        8,
        null,
        null,
        null,
        null,
        null,
        2,
        0,
        0,
        null,
        null,
        null,
        null,
        2,
        2,
        null,
        2,
        2,
        2,
        null,
        2,
        4,
        4,
        null,
        4,
        4,
        4,
        4,
        4,
        0,
        4,
        0,
        null,
        4,
        null,
        null,
        2,
        2,
        null,
        null,
        1,
        9,
        9,
        9,
        16,
        null,
        9,
        23,
        null,
        null,
        9,
        9,
        9,
        7,
        7,
        7,
        7,
        null,
        null,
        null,
        1,
        1,
        1,
        null,
        null,
        1,
        1,
        null,
        1,
        1,
        1,
        null,
        0,
        null,
        1,
        null,
        null,
        1,
        1,
        1,
        1,
        1,
        null,
        1,
        0,
        0,
        0,
        null,
        1,
        1,
        1,
        1,
        1,
        1,
        null,
        null
      ],
      "/home/ec2-user/environment/Project/Project_Collection_and_Assignment/app/controllers/relationships_controller.rb": [
        1,
        1,
        null,
        1,
        2,
        2,
        0,
        0,
        null,
        2,
        null,
        null,
        null,
        1,
        2,
        null,
        2,
        null,
        2,
        0,
        0,
        0,
        null,
        0,
        0,
        0,
        null,
        null,
        0,
        0,
        0,
        null,
        null,
        2,
        2,
        null,
        null,
        null,
        1,
        2,
        2,
        2,
        0,
        0,
        2,
        2,
        2,
        null,
        0,
        0,
        0,
        null,
        null,
        null
      ],
      "/home/ec2-user/environment/Project/Project_Collection_and_Assignment/app/controllers/password_resets_controller.rb": [
        1,
        1,
        1,
        1,
        null,
        1,
        null,
        null,
        1,
        2,
        2,
        2,
        1,
        1,
        1,
        1,
        null,
        1,
        1,
        null,
        null,
        null,
        1,
        null,
        null,
        1,
        0,
        0,
        0,
        0,
        0,
        0,
        0,
        null,
        0,
        0,
        0,
        0,
        0,
        null,
        0,
        null,
        null,
        null,
        1,
        null,
        1,
        0,
        null,
        null,
        1,
        0,
        0,
        null,
        null,
        null,
        1,
        null,
        0,
        0,
        null,
        null,
        null,
        null,
        1,
        0,
        0,
        0,
        null,
        null,
        null
      ],
      "/home/ec2-user/environment/Project/Project_Collection_and_Assignment/app/mailers/user_mailer.rb": [
        1,
        1,
        1,
        1,
        1,
        null,
        null
      ],
      "/home/ec2-user/environment/Project/Project_Collection_and_Assignment/app/mailers/application_mailer.rb": [
        1,
        1,
        1,
        null
      ],
      "/home/ec2-user/environment/Project/Project_Collection_and_Assignment/app/controllers/reset_controller.rb": [
        0,
        0,
        0,
        null,
        0,
        0,
        0,
        null,
        0,
        null,
        0,
        0,
        0,
        0,
        0,
        0,
        0,
        0,
        0,
        0,
        0,
        0,
        0,
        0,
        0,
        0,
        null,
        0,
        0,
        0,
        0,
        0,
        null,
        0,
        null,
        0,
        null,
        0,
        0,
        null,
        0,
        0,
        0,
        0,
        null,
        null,
        0,
        0,
        0,
        0,
        null,
        null,
        0,
        0,
        0,
        0,
        0,
        0,
        null,
        0,
        0,
        0
      ],
      "/home/ec2-user/environment/Project/Project_Collection_and_Assignment/app/controllers/documents_controller.rb": [
        0,
        0,
        0,
        null,
        0,
        0,
        0,
        0,
        0,
        null,
        0,
        0,
        0,
        0,
        0,
        0,
        null,
        0,
        0,
        0,
        0,
        0,
        null,
        0,
        0,
        0,
        0,
        null,
        null,
        null,
        null,
        null,
        null,
        null,
        null,
        null,
        null,
        null,
        null,
        0,
        null,
        0,
        0,
        0,
        0,
        0,
        0
      ],
      "/home/ec2-user/environment/Project/Project_Collection_and_Assignment/app/controllers/admin/settings_controller.rb": [
        0,
        0,
        0,
        0,
        0,
        null,
        0,
        0,
        0,
        null,
        0,
        0,
        null,
        0,
        0,
        0,
        0,
        0,
        0,
        0,
        0,
        0,
        null,
        0,
        0,
        0,
        0,
        0
      ],
      "/home/ec2-user/environment/Project/Project_Collection_and_Assignment/app/controllers/preferences_controller.rb": [
        0,
        0,
        0,
        null,
        0,
        0,
        0,
        0,
        0,
        0,
        0,
        0,
        0,
        0,
        0,
        0,
        0,
        0,
        0,
        null,
        0,
        null,
        0,
        0,
        0,
        0,
        0
      ],
      "/home/ec2-user/environment/Project/Project_Collection_and_Assignment/app/controllers/owns_controller.rb": [
        0,
        0
      ],
      "/home/ec2-user/environment/Project/Project_Collection_and_Assignment/app/models/setting.rb": [
        null,
        0,
        0,
        null,
        null,
        null,
        null,
        null,
        null,
        null,
        null,
        null,
        null,
        null,
        0
      ],
      "/home/ec2-user/environment/Project/Project_Collection_and_Assignment/app/models/preassignment.rb": [
        0,
        0,
        0,
        0
      ]
    },
    "timestamp": 1588373474
  },
  "RSpec": {
    "coverage": {
      "/home/abishalini/Desktop/Project_Collection_and_Assignment/app/helpers/application_helper.rb": [
        1,
        null
      ],
      "/home/abishalini/Desktop/Project_Collection_and_Assignment/app/helpers/assignments_helper.rb": [
        1,
        null
      ],
      "/home/abishalini/Desktop/Project_Collection_and_Assignment/app/helpers/documents_helper.rb": [
        1,
        null
      ],
      "/home/abishalini/Desktop/Project_Collection_and_Assignment/app/helpers/password_resets_helper.rb": [
        1,
        null
      ],
      "/home/abishalini/Desktop/Project_Collection_and_Assignment/app/helpers/preassignments_helper.rb": [
        1,
        null
      ],
      "/home/abishalini/Desktop/Project_Collection_and_Assignment/app/helpers/preferences_helper.rb": [
        1,
        null
      ],
      "/home/abishalini/Desktop/Project_Collection_and_Assignment/app/helpers/projects_helper.rb": [
        1,
        null
      ],
      "/home/abishalini/Desktop/Project_Collection_and_Assignment/app/helpers/relationships_helper.rb": [
        1,
        null
      ],
      "/home/abishalini/Desktop/Project_Collection_and_Assignment/app/helpers/sessions_helper.rb": [
        1,
        null,
        1,
        0,
        null,
        null,
        null,
        0,
        null,
        0,
        null,
        null,
        null,
        null,
        1,
        0,
        0,
        0,
        null,
        null,
        null,
        1,
        0,
        null,
        null,
        null,
        1,
        2,
        0,
        2,
        null,
        0,
        0,
        0,
        0,
        null,
        null,
        null,
        null,
        null,
        1,
        0,
        null,
        null,
        null,
        1,
        0,
        0,
        0,
        null,
        null,
        null,
        1,
        0,
        0,
        0,
        0,
        0,
        0,
        null,
        0,
        null,
        null,
        null,
        null,
        1,
        0,
        0,
        null,
        null,
        null,
        1,
        0,
        null,
        null,
        null,
        1,
        0,
        0,
        0,
        0,
        null,
        null,
        null,
        null,
        null,
        null,
        1,
        0,
        null,
        null,
        null,
        0,
        0,
        0,
        0,
        0,
        0,
        0,
        null,
        null,
        null,
        null,
        1,
        0,
        null,
        null,
        1,
        0,
        0,
        0,
        0,
        null,
        0,
        null,
        null,
        null,
        1,
        0,
        0,
        null,
        0,
        null,
        null,
        null,
        1,
        0,
        0,
        0,
        0,
        null,
        0,
        null,
        null,
        null,
        1,
        0,
        0,
        0,
        0,
        null,
        0,
        null,
        null,
        null,
        1,
        0,
        0,
        null,
        0,
        null,
        null
      ],
      "/home/abishalini/Desktop/Project_Collection_and_Assignment/app/helpers/static_pages_helper.rb": [
        1,
        null
      ],
      "/home/abishalini/Desktop/Project_Collection_and_Assignment/app/helpers/teams_helper.rb": [
        1,
        null
      ],
      "/home/abishalini/Desktop/Project_Collection_and_Assignment/app/helpers/users_helper.rb": [
        1,
        null,
        1,
        0,
        0,
        0,
        0,
        null,
        null
      ],
      "/home/abishalini/Desktop/Project_Collection_and_Assignment/app/controllers/preferences_controller.rb": [
        1,
        1,
        1,
        null,
        1,
        0,
        0,
        0,
        0,
        0,
        0,
        null,
        0,
        null,
        0,
        0,
        0,
        null,
        null,
        null,
        1,
        null,
        1,
        0,
        0,
        null,
        null
      ],
      "/home/abishalini/Desktop/Project_Collection_and_Assignment/app/controllers/application_controller.rb": [
        1,
        null,
        null,
        null,
        null,
        null,
        null,
        1,
        1,
        null,
        1,
        0,
        null,
        null,
        null,
        null,
        1,
        null,
        1,
        0,
        null,
        null,
        null,
        null,
        null,
        null,
        null,
        1,
        null,
        1,
        null
      ],
      "/home/abishalini/Desktop/Project_Collection_and_Assignment/app/controllers/projects_controller.rb": [
        1,
        1,
        1,
        1,
        null,
        1,
        0,
        0,
        0,
        0,
        0,
        null,
        0,
        null,
        null,
        null,
        1,
        0,
        0,
        0,
        0,
        0,
        null,
        0,
        null,
        0,
        null,
        null,
        1,
        0,
        0,
        0,
        0,
        0,
        null,
        0,
        null,
        0,
        null,
        null,
        1,
        0,
        null,
        0,
        0,
        null,
        0,
        0,
        0,
        null,
        0,
        null,
        null,
        null,
        null,
        0,
        null,
        0,
        0,
        null,
        0,
        null,
        null,
        null,
        null,
        1,
        0,
        0,
        0,
        0,
        null,
        0,
        0,
        null,
        null,
        0,
        0,
        0,
        0,
        0,
        0,
        0,
        null,
        0,
        null,
        0,
        0,
        0,
        0,
        0,
        0,
        0,
        null,
        0,
        0,
        null,
        0,
        0,
        null,
        null,
        null,
        null,
        null,
        null,
        null,
        null,
        null,
        null,
        null,
        0,
        0,
        null,
        0,
        0,
        0,
        null,
        null,
        null,
        0,
        null,
        null,
        0,
        0,
        null,
        0,
        null,
        null,
        1,
        0,
        0,
        0,
        0,
        0,
        null,
        null,
        0,
        0,
        0,
        0,
        null,
        0,
        0,
        null,
        0,
        0,
        0,
        0,
        0,
        0,
        null,
        0,
        null,
        null,
        0,
        null,
        null,
        null,
        0,
        0,
        0,
        0,
        0,
        0,
        null,
        0,
        null,
        null,
        0,
        null,
        null,
        null,
        0,
        null,
        null,
        0,
        0,
        null,
        0,
        null,
        null,
        1,
        0,
        0,
        0,
        null,
        null,
        0,
        0,
        0,
        0,
        null,
        0,
        null,
        null,
        0,
        0,
        0,
        0,
        0,
        null,
        0,
        null,
        null,
        0,
        0,
        null,
        0,
        null,
        null,
        0,
        0,
        0,
        0,
        0,
        0,
        0,
        0,
        0,
        0,
        0,
        null,
        0,
        0,
        0,
        null,
        null,
        0,
        null,
        null,
        1,
        0,
        0,
        0,
        0,
        null,
        null,
        0,
        null,
        0,
        0,
        0,
        0,
        null,
        0,
        0,
        null,
        null,
        null,
        0,
        null,
        0,
        0,
        0,
        null,
        null,
        0,
        0,
        null,
        0,
        0,
        null,
        null,
        0,
        0,
        0,
        null,
        0,
        0,
        null,
        null,
        1,
        0,
        0,
        0,
        0,
        null,
        0,
        0,
        0,
        null,
        0,
        null,
        0,
        null,
        0,
        0,
        0,
        0,
        null,
        0,
        null,
        0,
        null,
        null,
        null,
        0,
        null,
        null,
        0,
        0,
        0,
        null,
        null,
        null,
        1,
        2,
        2,
        2,
        null,
        2,
        0,
        null,
        null,
        1,
        0,
        null,
        0,
        0,
        0,
        null,
        0,
        0,
        null,
        null,
        0,
        null,
        null,
        null,
        null,
        0,
        0,
        null,
        null,
        null,
        1,
        0,
        null,
        0,
        0,
        null,
        0,
        0,
        0,
        0,
        null,
        0,
        0,
        null,
        0,
        0,
        null,
        null,
        1,
        0,
        null,
        0,
        0,
        0,
        null,
        0,
        null,
        null,
        null,
        1,
        0,
        null,
        0,
        0,
        null,
        0,
        0,
        null,
        0,
        null,
        0,
        0,
        null,
        null,
        0,
        null,
        null,
        null,
        1,
        0,
        0,
        null,
        0,
        0,
        0,
        null,
        0,
        null,
        0,
        0,
        null,
        0,
        null,
        null,
        null,
        0,
        null,
        0,
        null,
        0,
        null,
        0,
        null,
        null,
        0,
        null,
        null,
        null,
        null,
        null,
        null,
        null,
        null,
        null,
        null,
        null,
        null,
        null,
        null,
        null,
        null,
        null,
        null,
        null,
        null,
        null,
        null,
        null,
        null,
        null,
        null,
        null,
        null,
        null,
        null,
        null,
        null,
        null,
        null,
        null,
        null,
        null,
        null,
        null,
        1,
        0,
        0,
        0,
        0,
        0,
        0,
        null,
        null,
        null,
        1,
        0,
        0,
        0,
        0,
        0,
        0,
        null,
        null,
        null,
        1,
        null,
        1,
        0,
        0,
        null,
        0,
        null,
        null,
        null,
        null
      ],
      "/home/abishalini/Desktop/Project_Collection_and_Assignment/app/controllers/relationships_controller.rb": [
        1,
        1,
        null,
        1,
        0,
        0,
        0,
        0,
        null,
        0,
        null,
        null,
        null,
        1,
        0,
        null,
        0,
        null,
        0,
        0,
        0,
        0,
        null,
        0,
        0,
        0,
        null,
        null,
        0,
        0,
        0,
        null,
        null,
        0,
        0,
        null,
        null,
        null,
        1,
        0,
        0,
        0,
        0,
        0,
        0,
        0,
        0,
        null,
        0,
        0,
        0,
        null,
        null,
        null
      ],
      "/home/abishalini/Desktop/Project_Collection_and_Assignment/app/controllers/users_controller.rb": [
        1,
        1,
        null,
        null,
        null,
        1,
        1,
        null,
        1,
        0,
        0,
        0,
        0,
        null,
        null,
        0,
        0,
        null,
        0,
        null,
        0,
        0,
        null,
        0,
        0,
        null,
        0,
        0,
        0,
        0,
        0,
        0,
        null,
        0,
        null,
        null,
        0,
        0,
        null,
        0,
        0,
        0,
        null,
        null,
        0,
        null,
        0,
        0,
        0,
        null,
        0,
        0,
        0,
        null,
        null,
        0,
        0,
        null,
        null,
        null,
        0,
        null,
        null,
        null,
        0,
        0,
        0,
        null,
        null,
        null,
        0,
        0,
        0,
        null,
        null,
        null,
        null,
        1,
        0,
        null,
        null,
        1,
        2,
        null,
        null,
        1,
        0,
        0,
        0,
        0,
        0,
        null,
        0,
        null,
        null,
        null,
        1,
        0,
        null,
        null,
        1,
        0,
        null,
        0,
        null,
        0,
        null,
        0,
        null,
        0,
        0,
        null,
        0,
        null,
        0,
        0,
        null,
        null,
        1,
        0,
        0,
        0,
        0,
        null,
        0,
        null,
        null,
        null,
        1,
        0,
        null,
        0,
        0,
        0,
        null,
        null,
        0,
        0,
        null,
        null,
        null,
        0,
        null,
        null,
        1,
        0,
        0,
        null,
        0,
        0,
        0,
        null,
        null,
        0,
        0,
        null,
        0,
        0,
        0,
        null,
        null,
        null,
        0,
        null,
        null,
        null,
        1,
        0,
        null,
        0,
        0,
        0,
        0,
        0,
        0,
        null,
        null,
        1,
        0,
        null,
        0,
        0,
        0,
        null,
        null,
        0,
        null,
        null,
        0,
        null,
        null,
        1,
        null,
        1,
        0,
        null,
        null,
        null,
        1,
        0,
        null,
        null
      ],
      "/home/abishalini/Desktop/Project_Collection_and_Assignment/app/models/assignment.rb": [
        1,
        1,
        1,
        null
      ],
      "/home/abishalini/Desktop/Project_Collection_and_Assignment/app/models/preference.rb": [
        1,
        1,
        1,
        1,
        1,
        null
      ],
      "/home/abishalini/Desktop/Project_Collection_and_Assignment/app/models/project.rb": [
        1,
        1,
        1,
        null,
        1,
        1,
        1,
        1,
        null,
        null,
        1,
        0,
        null,
        null
      ],
      "/home/abishalini/Desktop/Project_Collection_and_Assignment/app/models/relationship.rb": [
        1,
        1,
        1,
        1,
        1,
        null
      ],
      "/home/abishalini/Desktop/Project_Collection_and_Assignment/app/models/team.rb": [
        1,
        1,
        1,
        1,
        null,
        1,
        1,
        null,
        1,
        1,
        null,
        1,
        0,
        null,
        null,
        1,
        0,
        null,
        null
      ],
      "/home/abishalini/Desktop/Project_Collection_and_Assignment/app/models/user.rb": [
        1,
        1,
        1,
        1,
        1,
        1,
        null,
        1,
        null,
        1,
        4,
        1,
        1,
        1,
        1,
        null,
        null,
        1,
        1,
        null,
        null,
        1,
        null,
        null,
        1,
        1,
        1,
        1,
        1,
        null,
        1,
        null,
        null,
        1,
        0,
        null,
        0,
        null,
        null,
        null,
        1,
        0,
        null,
        null,
        null,
        1,
        0,
        0,
        null,
        null,
        null,
        1,
        0,
        0,
        null,
        0,
        null,
        null,
        1,
        0,
        null,
        null,
        null,
        1,
        0,
        null,
        null,
        1,
        0,
        null,
        null,
        1,
        0,
        null,
        null,
        1,
        0,
        null,
        null,
        1,
        0,
        0,
        null,
        null,
        null,
        1,
        0,
        0,
        0,
        null,
        null,
        null,
        1,
        0,
        null,
        null,
        null,
        1,
        0,
        null,
        null,
        1,
        null,
        null,
        1,
        0,
        null,
        null,
        1,
        0,
        0,
        null,
        0,
        null,
        null,
        null,
        1,
        0,
        0,
        null,
        0,
        null,
        null,
        null,
        1,
        0,
        0,
        null,
        0,
        0,
        0,
        0,
        0,
        0,
        0,
        null,
        0,
        null,
        0,
        null,
        null,
        null,
        null,
        null
      ],
      "/home/abishalini/Desktop/Project_Collection_and_Assignment/app/mailers/application_mailer.rb": [
        0,
        0,
        0,
        0
      ],
      "/home/abishalini/Desktop/Project_Collection_and_Assignment/app/mailers/user_mailer.rb": [
        0,
        0,
        0,
        0,
        0,
        0,
        0
      ],
      "/home/abishalini/Desktop/Project_Collection_and_Assignment/app/controllers/password_resets_controller.rb": [
        0,
        0,
        0,
        0,
        null,
        0,
        0,
        null,
        0,
        0,
        0,
        0,
        0,
        0,
        0,
        0,
        0,
        0,
        0,
        0,
        0,
        null,
        0,
        0,
        null,
        0,
        0,
        0,
        0,
        0,
        0,
        0,
        0,
        null,
        0,
        0,
        0,
        0,
        0,
        0,
        0,
        0,
        0,
        null,
        0,
        null,
        0,
        0,
        0,
        null,
        0,
        0,
        0,
        0,
        null,
        null,
        0,
        0,
        0,
        0,
        0,
        0,
        null,
        null,
        0,
        0,
        0,
        0,
        0,
        0,
        0
      ],
      "/home/abishalini/Desktop/Project_Collection_and_Assignment/app/controllers/reset_controller.rb": [
        0,
        0,
        0,
        null,
        0,
        null,
        0,
        0,
        0,
        0,
        0,
        0,
        0,
        0,
        0,
        0,
        0,
        0,
        0,
        0,
        0,
        0,
        0,
        0,
        0,
        0,
        0,
        0,
        0,
        0,
        null,
        null,
        0,
        0,
        0,
        0,
        0,
        0,
        0,
        0,
        null,
        0,
        0,
        0,
        0,
        0,
        null,
        null,
        0,
        0,
        0,
        0,
        null,
        null,
        0,
        0,
        0,
        0,
        0,
        0,
        0,
        0
      ],
      "/home/abishalini/Desktop/Project_Collection_and_Assignment/app/controllers/owns_controller.rb": [
        0,
        0
      ],
      "/home/abishalini/Desktop/Project_Collection_and_Assignment/app/controllers/sessions_controller.rb": [
        0,
        0,
        0,
        null,
        0,
        0,
        null,
        0,
        0,
        null,
        0,
        0,
        0,
        0,
        null,
        0,
        null,
        0,
        0,
        0,
        0,
        null,
        0,
        0,
        null,
        0,
        0
      ],
      "/home/abishalini/Desktop/Project_Collection_and_Assignment/app/controllers/assignments_controller.rb": [
        0,
        0,
        0,
        null,
        0,
        0,
        0,
        0,
        0,
        0,
        0,
        0,
        0,
        0,
        0,
        0,
        0,
        0,
        0,
        0,
        0,
        0,
        0,
        0,
        0,
        0,
        0,
        0,
        null,
        0,
        null,
        null,
        0,
        0,
        null,
        0,
        null,
        null,
        null,
        0,
        0,
        0,
        0,
        0,
        null,
        0,
        null,
        null,
        0,
        0,
        0,
        0,
        0,
        null,
        0,
        0,
        null,
        0,
        0,
        null,
        null,
        0,
        0,
        0,
        0,
        0,
        0,
        0,
        0,
        0,
        0,
        0,
        0,
        null,
        null,
        0,
        0,
        0,
        0,
        0,
        null,
        null,
        0,
        0,
        null,
        0,
        0,
        0,
        null,
        0,
        0,
        0,
        null,
        0,
        0,
        0,
        0,
        0,
        0,
        0,
        0,
        0,
        0,
        0,
        0,
        0,
        0,
        0,
        null,
        0,
        0,
        0,
        0,
        0,
        0,
        0,
        0,
        0,
        null,
        0,
        0,
        0,
        0,
        0,
        0,
        0,
        0,
        0,
        null,
        0,
        0,
        0,
        0,
        null,
        0,
        0,
        null,
        0,
        0,
        0,
        0,
        0,
        0,
        0,
        0,
        null,
        0,
        0,
        0,
        0,
        0,
        null,
        0,
        0,
        0,
        0,
        0,
        0,
        0,
        0,
        0,
        0,
        0,
        0,
        0
      ],
      "/home/abishalini/Desktop/Project_Collection_and_Assignment/app/controllers/documents_controller.rb": [
        0,
        0,
        0,
        null,
        0,
        0,
        0,
        0,
        0,
        null,
        0,
        0,
        0,
        0,
        0,
        0,
        null,
        0,
        0,
        0,
        0,
        0,
        null,
        0,
        0,
        0,
        0,
        null,
        null,
        null,
        null,
        null,
        null,
        null,
        null,
        null,
        null,
        null,
        null,
        0,
        null,
        0,
        0,
        0,
        0,
        0,
        0
      ],
      "/home/abishalini/Desktop/Project_Collection_and_Assignment/app/controllers/teams_controller.rb": [
        0,
        0,
        0,
        0,
        0,
        null,
        0,
        0,
        0,
        null,
        0,
        0,
        0,
        0,
        0,
        0,
        0,
        0,
        0,
        0,
        0,
        0,
        0,
        null,
        0,
        0,
        0,
        0,
        0,
        0,
        0,
        null,
        0,
        0,
        0,
        0,
        0,
        0,
        0,
        null,
        0,
        null,
        0,
        null,
        0,
        0,
        0,
        null,
        0,
        0,
        0,
        0,
        0,
        0,
        0,
        null,
        0,
        0,
        0,
        null,
        0,
        0,
        0,
        0,
        0,
        0,
        0,
        0,
        0,
        null,
        0,
        0,
        0,
        0,
        0,
        null,
        0,
        0,
        0,
        0,
        null,
        0,
        0,
        null,
        0,
        0,
        0,
        0,
        0,
        0,
        0,
        0,
        0,
        0,
        null,
        0,
        0,
        0,
        null,
        0,
        0,
        0,
        0,
        null,
        null,
        0,
        0,
        null,
        0,
        0,
        0,
        0,
        0,
        null,
        0,
        0,
        0,
        null,
        0,
        0,
        null,
        0,
        0,
        0,
        null,
        0,
        0,
        0,
        0,
        0,
        null,
        0,
        0,
        null,
        0,
        0,
        null,
        0,
        0,
        0,
        0,
        0,
        0,
        0,
        0,
        0,
        null,
        0,
        0,
        0,
        0,
        0,
        0,
        null,
        0,
        0,
        0,
        0,
        0,
        0,
        0,
        0,
        0,
        0,
        0,
        0,
        0,
        0,
        0,
        null,
        0,
        0,
        0,
        0,
        0,
        0,
        0,
        0,
        0,
        0,
        0,
        null,
        0,
        null,
        0,
        null,
        0,
        0,
        0,
        0,
        0,
        0,
        0,
        null,
        0,
        0,
        0,
        null,
        0,
        0,
        0,
        0,
        0,
        0,
        0,
        0,
        0,
        null,
        0,
        0,
        null,
        null,
        null,
        0,
        null,
        0,
        null,
        0,
        0,
        0,
        null,
        0,
        null,
        0,
        0,
        0,
        null,
        0,
        0,
        0,
        0,
        null,
        0,
        0,
        0,
        0,
        null,
        0,
        0,
        0,
        0,
        0
      ],
      "/home/abishalini/Desktop/Project_Collection_and_Assignment/app/controllers/static_pages_controller.rb": [
        0,
        0,
        0,
        0,
        null,
        0,
        0,
        null,
        0,
        0,
        null,
        0,
        0,
        null,
        0,
        0,
        null,
        0,
        0,
        0,
        0,
        0,
        0,
        0,
        0,
        0,
        0,
        0,
        0,
        0,
        0,
        0,
        0,
        0,
        null,
        0,
        0,
        null,
        null,
        null,
        0,
        0,
        0,
        0,
        0,
        0,
        null,
        0,
        null,
        0,
        0,
        0,
        0,
        null,
        0,
        0,
        null,
        0,
        0
      ],
      "/home/abishalini/Desktop/Project_Collection_and_Assignment/app/controllers/admin/settings_controller.rb": [
        0,
        0,
        0,
        0,
        0,
        null,
        0,
        0,
        0,
        null,
        0,
        0,
        null,
        0,
        0,
        0,
        0,
        0,
        0,
        0,
        0,
        0,
        null,
        0,
        0,
        0,
        0,
        0
      ],
      "/home/abishalini/Desktop/Project_Collection_and_Assignment/app/uploaders/filein_uploader.rb": [
        0,
        null,
        null,
        null,
        null,
        null,
        0,
        null,
        null,
        null,
        null,
        0,
        0,
        0,
        null,
        null,
        null,
        null,
        null,
        null,
        null,
        null,
        null,
        null,
        null,
        null,
        null,
        null,
        null,
        null,
        null,
        null,
        null,
        null,
        null,
        null,
        null,
        null,
        null,
        null,
        null,
        null,
        null,
        null,
        null,
        null,
        0
      ],
      "/home/abishalini/Desktop/Project_Collection_and_Assignment/app/models/own.rb": [
        0,
        0,
        0,
        0,
        0,
        0
      ],
      "/home/abishalini/Desktop/Project_Collection_and_Assignment/app/models/document.rb": [
        0,
        0,
        0,
        0,
        0,
        null,
        0,
        0
      ],
      "/home/abishalini/Desktop/Project_Collection_and_Assignment/app/models/preassignment.rb": [
        0,
        0,
        0,
        0
      ],
      "/home/abishalini/Desktop/Project_Collection_and_Assignment/app/models/setting.rb": [
        null,
        0,
        0,
        null,
        null,
        null,
        null,
        null,
        null,
        null,
        null,
        null,
        null,
        null,
        0
      ]
    },
    "timestamp": 1586508569
  }
}
